<?xml version="1.0" encoding="UTF-8"?>
<testsuite xmlns:xsi="http://www.w3.org/2001/XMLSchema-instance" xsi:noNamespaceSchemaLocation="https://maven.apache.org/surefire/maven-surefire-plugin/xsd/surefire-test-report.xsd" name="com.end2end.todo.RunnerTest" time="11.97" tests="1" errors="1" skipped="0" failures="0">
  <properties>
[...]
</properties>
  <testcase name="Authentification" classname="To be able to login with a email and password" time="11.447">
    <error message="no such element: Unable to locate element: {&quot;method&quot;:&quot;xpath&quot;,&quot;selector&quot;:&quot;//h2[data-testid=&apos;welcome&apos;]&quot;}&#10;  (Session info: chrome=108.0.5359.73)&#10;For documentation on this error, please visit: https://selenium.dev/exceptions/#no_such_element&#10;Build info: version: &apos;4.6.0&apos;, revision: &apos;79f1c02ae20&apos;&#10;System info: os.name: &apos;Windows 10&apos;, os.arch: &apos;amd64&apos;, os.version: &apos;10.0&apos;, java.version: &apos;17.0.4.1&apos;&#10;Driver info: org.openqa.selenium.chrome.ChromeDriver&#10;Command: [9a255ba325037b1b05832e30cfe6d574, findElement {using=xpath, value=//h2[data-testid=&apos;welcome&apos;]}]&#10;Capabilities {acceptInsecureCerts: false, browserName: chrome, browserVersion: 108.0.5359.73, chrome: {chromedriverVersion: 108.0.5359.71 (1e0e3868ee06..., userDataDir: C:\Users\mhamd\AppData\Loca...}, goog:chromeOptions: {debuggerAddress: localhost:50444}, networkConnectionEnabled: false, pageLoadStrategy: normal, platformName: WINDOWS, proxy: Proxy(), se:cdp: ws://localhost:50444/devtoo..., se:cdpVersion: 108.0.5359.73, setWindowRect: true, strictFileInteractability: false, timeouts: {implicit: 0, pageLoad: 300000, script: 30000}, unhandledPromptBehavior: dismiss and notify, webauthn:extension:credBlob: true, webauthn:extension:largeBlob: true, webauthn:virtualAuthenticators: true}&#10;Session ID: 9a255ba325037b1b05832e30cfe6d574" type="org.openqa.selenium.NoSuchElementException">org.openqa.selenium.NoSuchElementException: 
no such element: Unable to locate element: {"method":"xpath","selector":"//h2[data-testid='welcome']"}
  (Session info: chrome=108.0.5359.73)
For documentation on this error, please visit: https://selenium.dev/exceptions/#no_such_element
Build info: version: '4.6.0', revision: '79f1c02ae20'
System info: os.name: 'Windows 10', os.arch: 'amd64', os.version: '10.0', java.version: '17.0.4.1'
Driver info: org.openqa.selenium.chrome.ChromeDriver
Command: [9a255ba325037b1b05832e30cfe6d574, findElement {using=xpath, value=//h2[data-testid='welcome']}]
Capabilities {acceptInsecureCerts: false, browserName: chrome, browserVersion: 108.0.5359.73, chrome: {chromedriverVersion: 108.0.5359.71 (1e0e3868ee06..., userDataDir: C:\Users\mhamd\AppData\Loca...}, goog:chromeOptions: {debuggerAddress: localhost:50444}, networkConnectionEnabled: false, pageLoadStrategy: normal, platformName: WINDOWS, proxy: Proxy(), se:cdp: ws://localhost:50444/devtoo..., se:cdpVersion: 108.0.5359.73, setWindowRect: true, strictFileInteractability: false, timeouts: {implicit: 0, pageLoad: 300000, script: 30000}, unhandledPromptBehavior: dismiss and notify, webauthn:extension:credBlob: true, webauthn:extension:largeBlob: true, webauthn:virtualAuthenticators: true}
Session ID: 9a255ba325037b1b05832e30cfe6d574
</error>
    <system-out><![CDATA[
@tag @login
Scenario: Authentification                                                                   # src/spec/features/Login.feature:24
  Given I go to the home page "https://qacart-todo.herokuapp.com/login"                      # com.end2end.todo.steps.LoginSteps.iGoToTheHomePage(java.lang.String)
  When I write my email "mhamdi.lobna@gmail.com"                                             # com.end2end.todo.steps.LoginSteps.iWriteMyEmail(java.lang.String)
  And I write my password "L@yene2008"                                                       # com.end2end.todo.steps.LoginSteps.iWriteMyPassword(java.lang.String)
  And I click on Login button                                                                # com.end2end.todo.steps.LoginSteps.iClickOnLoginButton()
  Then I am redirected to my home page where title is written "QAcart Todo App - Todos page" # com.end2end.todo.steps.LoginSteps.iAmRedirectedToMyHomePageWhereNameUserIsWritten(java.lang.String)
      org.openqa.selenium.NoSuchElementException: no such element: Unable to locate element: {"method":"xpath","selector":"//h2[data-testid='welcome']"}
  (Session info: chrome=108.0.5359.73)
For documentation on this error, please visit: https://selenium.dev/exceptions/#no_such_element
Build info: version: '4.6.0', revision: '79f1c02ae20'
System info: os.name: 'Windows 10', os.arch: 'amd64', os.version: '10.0', java.version: '17.0.4.1'
Driver info: org.openqa.selenium.chrome.ChromeDriver
Command: [9a255ba325037b1b05832e30cfe6d574, findElement {using=xpath, value=//h2[data-testid='welcome']}]
Capabilities {acceptInsecureCerts: false, browserName: chrome, browserVersion: 108.0.5359.73, chrome: {chromedriverVersion: 108.0.5359.71 (1e0e3868ee06..., userDataDir: C:\Users\mhamd\AppData\Loca...}, goog:chromeOptions: {debuggerAddress: localhost:50444}, networkConnectionEnabled: false, pageLoadStrategy: normal, platformName: WINDOWS, proxy: Proxy(), se:cdp: ws://localhost:50444/devtoo..., se:cdpVersion: 108.0.5359.73, setWindowRect: true, strictFileInteractability: false, timeouts: {implicit: 0, pageLoad: 300000, script: 30000}, unhandledPromptBehavior: dismiss and notify, webauthn:extension:credBlob: true, webauthn:extension:largeBlob: true, webauthn:virtualAuthenticators: true}
Session ID: 9a255ba325037b1b05832e30cfe6d574
	at java.base/jdk.internal.reflect.NativeConstructorAccessorImpl.newInstance0(Native Method)
	at java.base/jdk.internal.reflect.NativeConstructorAccessorImpl.newInstance(NativeConstructorAccessorImpl.java:77)
	at java.base/jdk.internal.reflect.DelegatingConstructorAccessorImpl.newInstance(DelegatingConstructorAccessorImpl.java:45)
	at java.base/java.lang.reflect.Constructor.newInstanceWithCaller(Constructor.java:499)
	at java.base/java.lang.reflect.Constructor.newInstance(Constructor.java:480)
	at org.openqa.selenium.remote.codec.w3c.W3CHttpResponseCodec.createException(W3CHttpResponseCodec.java:200)
	at org.openqa.selenium.remote.codec.w3c.W3CHttpResponseCodec.decode(W3CHttpResponseCodec.java:133)
	at org.openqa.selenium.remote.codec.w3c.W3CHttpResponseCodec.decode(W3CHttpResponseCodec.java:53)
	at org.openqa.selenium.remote.HttpCommandExecutor.execute(HttpCommandExecutor.java:184)
	at org.openqa.selenium.remote.service.DriverCommandExecutor.invokeExecute(DriverCommandExecutor.java:167)
	at org.openqa.selenium.remote.service.DriverCommandExecutor.execute(DriverCommandExecutor.java:142)
	at org.openqa.selenium.remote.RemoteWebDriver.execute(RemoteWebDriver.java:541)
	at org.openqa.selenium.remote.ElementLocation$ElementFinder$2.findElement(ElementLocation.java:162)
	at org.openqa.selenium.remote.ElementLocation.findElement(ElementLocation.java:60)
	at org.openqa.selenium.remote.RemoteWebDriver.findElement(RemoteWebDriver.java:365)
	at org.openqa.selenium.remote.RemoteWebDriver.findElement(RemoteWebDriver.java:357)
	at org.openqa.selenium.support.pagefactory.DefaultElementLocator.findElement(DefaultElementLocator.java:70)
	at org.openqa.selenium.support.pagefactory.internal.LocatingElementHandler.invoke(LocatingElementHandler.java:39)
	at jdk.proxy2/jdk.proxy2.$Proxy24.getText(Unknown Source)
	at com.end2end.todo.pageobject.LoginPage.welcomeMessage(LoginPage.java:52)
	at com.end2end.todo.steps.LoginSteps.iAmRedirectedToMyHomePageWhereNameUserIsWritten(LoginSteps.java:40)
	at âœ½.I am redirected to my home page where title is written "QAcart Todo App - Todos page"(file:///C:/Users/mhamd/eclipse-workspace/ToDoApplicationProject/src/spec/features/Login.feature:29)


    Embedding screenshot [image/png 49048 bytes]

]]></system-out>
    <system-err><![CDATA[SLF4J: Failed to load class "org.slf4j.impl.StaticLoggerBinder".
SLF4J: Defaulting to no-operation (NOP) logger implementation
SLF4J: See http://www.slf4j.org/codes.html#StaticLoggerBinder for further details.
Starting ChromeDriver 108.0.5359.71 (1e0e3868ee06e91ad636a874420e3ca3ae3756ac-refs/branch-heads/5359@{#1016}) on port 29804
Only local connections are allowed.
Please see https://chromedriver.chromium.org/security-considerations for suggestions on keeping ChromeDriver safe.
ChromeDriver was started successfully.
déc. 07, 2022 9:13:44 PM org.openqa.selenium.devtools.CdpVersionFinder findNearestMatch
AVERTISSEMENT: Unable to find an exact match for CDP version 108, so returning the closest version found: 107
]]></system-err>
  </testcase>
</testsuite>